Flutter crash report; please file at https://github.com/flutter/flutter/issues.

## command

flutter --no-color create --offline --template app --description A new Flutter application. --org com.example --project-name iamrich i_am_rich

## exception

FileSystemException: FileSystemException: Cannot copy file to 'C:\Users\wardu\Desktop\projects\android\i_am_rich\android\app\src\main\res\mipmap-hdpi\ic_launcher.png', path = 'C:\src\flutter\packages\flutter_tools\templates\app\android.tmpl\app\src\main\res\mipmap-hdpi\ic_launcher.png' (OS Error: Access is denied.
, errno = 5)

```
#0      _File.throwIfError (dart:io/file_impl.dart:645:7)
#1      _File.copySync (dart:io/file_impl.dart:350:5)
#2      ForwardingFile.copySync (package:file/src/forwarding/forwarding_file.dart:30:50)
#3      ForwardingFile.copySync (package:file/src/forwarding/forwarding_file.dart:30:50)
#4      Template.render.<anonymous closure> (package:flutter_tools/src/template.dart:227:18)
#5      _LinkedHashMapMixin.forEach (dart:collection-patch/compact_hash.dart:379:8)
#6      Template.render (package:flutter_tools/src/template.dart:153:24)
#7      CreateCommand._renderTemplate (package:flutter_tools/src/commands/create.dart:630:21)
#8      _rootRunUnary (dart:async/zone.dart:1192:38)
#9      _CustomZone.runUnary (dart:async/zone.dart:1085:19)
#10     _FutureListener.handleValue (dart:async/future_impl.dart:141:18)
#11     Future._propagateToListeners.handleValueCallback (dart:async/future_impl.dart:682:45)
#12     Future._propagateToListeners (dart:async/future_impl.dart:711:32)
#13     Future._completeWithValue (dart:async/future_impl.dart:526:5)
#14     _AsyncAwaitCompleter.complete (dart:async-patch/async_patch.dart:36:15)
#15     _completeOnAsyncReturn (dart:async-patch/async_patch.dart:298:13)
#16     Template.fromName (package:flutter_tools/src/template.dart)
#17     _rootRunUnary (dart:async/zone.dart:1192:38)
#18     _CustomZone.runUnary (dart:async/zone.dart:1085:19)
#19     _FutureListener.handleValue (dart:async/future_impl.dart:141:18)
#20     Future._propagateToListeners.handleValueCallback (dart:async/future_impl.dart:682:45)
#21     Future._propagateToListeners (dart:async/future_impl.dart:711:32)
#22     Future._completeWithValue (dart:async/future_impl.dart:526:5)
#23     Future._asyncComplete.<anonymous closure> (dart:async/future_impl.dart:556:7)
#24     _rootRun (dart:async/zone.dart:1184:13)
#25     _CustomZone.run (dart:async/zone.dart:1077:19)
#26     _CustomZone.runGuarded (dart:async/zone.dart:979:7)
#27     _CustomZone.bindCallbackGuarded.<anonymous closure> (dart:async/zone.dart:1019:23)
#28     _microtaskLoop (dart:async/schedule_microtask.dart:43:21)
#29     _startMicrotaskLoop (dart:async/schedule_microtask.dart:52:5)
#30     _runPendingImmediateCallback (dart:isolate-patch/isolate_patch.dart:118:13)
#31     _RawReceivePortImpl._handleMessage (dart:isolate-patch/isolate_patch.dart:169:5)
```

## flutter doctor

```
[✓] Flutter (Channel stable, v1.17.4, on Microsoft Windows [Version 10.0.18363.778], locale en-US)
    • Flutter version 1.17.4 at C:\src\flutter
    • Framework revision 1ad9baa8b9 (2 days ago), 2020-06-17 14:41:16 -0700
    • Engine revision ee76268252
    • Dart version 2.8.4

[✓] Android toolchain - develop for Android devices (Android SDK version 30.0.0)
    • Android SDK at C:\Users\wardu\AppData\Local\Android\sdk
    • Platform android-30, build-tools 30.0.0
    • Java binary at: C:\Program Files\Android\Android Studio\jre\bin\java
    • Java version OpenJDK Runtime Environment (build 1.8.0_242-release-1644-b01)
    • All Android licenses accepted.

[✓] Android Studio (version 4.0)
    • Android Studio at C:\Program Files\Android\Android Studio
    • Flutter plugin version 46.0.2
    • Dart plugin version 193.7361
    • Java version OpenJDK Runtime Environment (build 1.8.0_242-release-1644-b01)

[✓] VS Code (version 1.44.2)
    • VS Code at C:\Users\wardu\AppData\Local\Programs\Microsoft VS Code
    • Flutter extension version 3.11.0

[!] Connected device
    ! No devices available

! Doctor found issues in 1 category.
```
